1992-07-14 03:57:05 广东省 上海市 xiulan39
2013-01-20 02:42:01 江苏省 杭州市 xiulan86
2000-03-01 11:49:43 广东省 深圳市 shiqiang
1979-12-16 02:13:41 浙江省 杭州市 lei31
2020-07-08 23:00:56 天津市 深圳市 xjiang
2018-05-11 21:34:38 天津市 上海市 tao60
1982-04-01 22:58:39 广东省 天津市 tmao
1998-03-03 07:10:22 广东省 上海市 cqiao
2021-01-01 07:11:53 江苏省 北京市 jieshao
2008-03-05 12:50:04 天津市 上海市 dengming
2009-06-27 09:05:57 江苏省 上海市 uwu
2017-04-04 07:32:53 浙江省 深圳市 tao68
1970-07-12 22:54:43 浙江省 北京市 jing66
1982-04-23 08:34:49 天津市 天津市 juan29
1991-02-06 21:40:35 天津市 重庆市 guiying43
1981-02-21 05:06:07 重庆市 北京市 dongjun
1980-02-25 19:01:35 广东省 重庆市 junzhong
2010-09-14 02:39:52 北京市 上海市 shou
2020-03-28 00:28:14 广东省 杭州市 zhengqiang
2001-08-22 07:22:32 浙江省 北京市 ulin
1988-04-30 17:58:54 广东省 上海市 tao44
2023-04-16 23:20:18 重庆市 北京市 yangqiao
2002-04-14 02:13:38 北京市 北京市 ehe
2018-04-22 01:55:40 浙江省 重庆市 pduan
1984-10-12 08:10:48 浙江省 北京市 weijiang
1981-02-26 03:16:36 浙江省 杭州市 xiawu
1993-04-04 09:02:51 江苏省 重庆市 fangjin
1975-02-26 16:17:44 北京市 杭州市 nmeng
2020-07-06 00:15:42 重庆市 广州市 hduan
2011-10-21 09:35:32 江苏省 北京市 lcao
2005-12-25 11:24:09 江苏省 上海市 laijing
1991-07-12 06:14:21 上海市 杭州市 jingsong
1984-04-11 11:47:29 广东省 杭州市 wuwei
2006-01-05 18:33:58 天津市 重庆市 pfang
1995-03-03 07:43:08 重庆市 北京市 xiuyingxie
2011-01-17 00:59:17 天津市 天津市 qiang24
2017-12-04 16:55:14 上海市 天津市 lipeng
2006-06-30 04:30:51 北京市 深圳市 yanfang
2015-03-29 10:11:03 上海市 广州市 yanyin
1975-02-28 09:17:40 北京市 杭州市 yshao
1996-05-28 09:40:19 重庆市 天津市 eliao
1986-01-17 08:09:37 浙江省 深圳市 jiema
2012-12-03 05:32:10 江苏省 深圳市 menglei
2021-07-06 12:37:19 北京市 天津市 xia99
1996-11-09 03:35:52 上海市 广州市 yangfan
1984-08-26 16:15:08 重庆市 杭州市 pwen
1988-01-22 00:35:34 天津市 深圳市 vzhong
2013-08-08 17:32:11 上海市 上海市 xiulan29
2003-11-02 08:15:15 浙江省 天津市 dwang
1984-09-06 11:53:44 江苏省 深圳市 minlin
1975-11-04 09:09:36 江苏省 北京市 xiulanlin
1988-07-10 05:40:39 广东省 杭州市 gangfeng
2015-06-28 11:48:39 浙江省 广州市 tangyan
2018-09-30 06:30:41 上海市 杭州市 xiuyingyin
2015-01-27 22:16:49 天津市 深圳市 fangmin
1977-10-31 17:06:25 北京市 杭州市 songjuan
2015-01-05 10:22:16 上海市 上海市 juan65
1990-02-23 23:16:02 江苏省 北京市 chaoliao
2023-04-17 12:47:44 重庆市 上海市 jing81
1992-04-02 03:09:00 广东省 深圳市 yshen
2002-06-21 11:26:04 江苏省 杭州市 yuanli
2021-06-14 15:01:42 上海市 广州市 sjin
1992-05-15 13:20:10 广东省 上海市 jingxiong
2003-09-16 05:33:12 重庆市 天津市 hanyong
2002-02-03 17:55:56 重庆市 天津市 caiyan
2015-02-15 10:21:52 广东省 北京市 lei09
1974-09-13 17:23:54 重庆市 深圳市 lei39
1984-03-21 15:04:49 江苏省 重庆市 lilu
2012-11-11 21:52:05 浙江省 广州市 fanjie
2018-06-12 01:26:47 浙江省 北京市 fangguo
2009-03-13 00:06:54 北京市 深圳市 sliu
1994-07-17 01:44:37 浙江省 重庆市 jxia
1975-12-20 08:05:30 上海市 上海市 yongxia
2018-12-17 05:43:22 浙江省 重庆市 wei26
1970-08-22 02:58:26 重庆市 重庆市 yongshao
1971-11-12 10:04:57 江苏省 上海市 moping
1971-10-06 14:16:05 浙江省 北京市 zhangqiang
2017-09-23 22:09:56 重庆市 重庆市 minluo
1985-05-27 04:55:15 江苏省 北京市 kangming
1982-06-28 12:42:46 北京市 深圳市 huqiang
1998-06-12 00:14:55 广东省 广州市 xiuying67
1971-07-26 09:50:24 广东省 杭州市 kangguiying
1986-11-19 07:50:09 重庆市 上海市 luoming
2021-09-22 12:40:44 北京市 重庆市 clu
1981-02-19 11:52:02 浙江省 北京市 ping72
1976-08-20 16:16:42 天津市 重庆市 juanzheng
1984-11-14 03:49:36 广东省 深圳市 mlai
1979-10-12 15:23:50 天津市 广州市 fliao
1979-12-22 22:35:23 江苏省 重庆市 yan21
2004-08-04 09:56:08 江苏省 天津市 chaogao
1977-01-07 06:34:55 上海市 杭州市 chaowu
1978-03-19 05:38:34 上海市 天津市 li76
2005-02-23 06:46:32 天津市 天津市 jie03
1990-04-28 00:00:26 江苏省 深圳市 jingpeng
2021-09-23 06:53:42 北京市 北京市 guiying56
2007-02-04 11:00:14 北京市 天津市 na57
1985-10-01 12:10:40 重庆市 北京市 guguiying
1971-06-01 00:41:01 重庆市 广州市 ming61
2018-05-26 22:52:03 上海市 天津市 gang96
1997-12-04 18:04:06 广东省 上海市 fangye
2014-10-29 12:44:10 重庆市 天津市 jie74
2002-06-08 18:41:00 北京市 天津市 fangzhang
2023-05-02 19:20:36 北京市 北京市 wanchao
2018-04-04 08:32:45 浙江省 杭州市 minsu
2018-04-06 22:04:24 重庆市 北京市 zengna
1977-11-20 00:46:19 重庆市 广州市 yangfeng
1970-01-30 23:19:33 江苏省 杭州市 eyin
2008-03-01 04:38:15 上海市 深圳市 pyi
2003-10-23 06:29:22 广东省 深圳市 minghe
2021-01-07 19:43:06 浙江省 北京市 wangyang
1986-11-14 16:55:53 北京市 上海市 xiulanlu
2012-07-09 18:11:48 广东省 重庆市 rren
2022-07-16 21:14:00 广东省 天津市 renli
2003-07-29 02:21:09 浙江省 杭州市 cyang
1987-04-28 09:46:57 广东省 杭州市 tangjing
2020-10-11 20:33:20 江苏省 上海市 uzhong
2014-09-18 01:26:52 北京市 广州市 haojun
2012-05-09 23:57:14 广东省 上海市 linping
2002-01-30 22:56:39 重庆市 上海市 junxu
1986-03-20 17:45:20 北京市 杭州市 chao85
1976-09-20 21:01:29 浙江省 深圳市 guiying43
2014-07-12 17:17:28 重庆市 上海市 minhe
1972-12-24 20:26:50 北京市 杭州市 tao15
2004-04-24 06:12:25 天津市 北京市 icui
1985-06-21 17:59:51 天津市 天津市 dengyang
1990-10-16 09:26:58 广东省 杭州市 yfu
1979-08-27 20:58:09 浙江省 杭州市 zhangming
2007-10-02 10:03:39 上海市 重庆市 ulu
1981-07-06 01:57:17 江苏省 杭州市 qianjie
1994-02-03 01:43:40 上海市 上海市 wanming
1989-11-03 21:53:59 浙江省 重庆市 chou
1973-07-29 20:17:28 天津市 杭州市 bwang
1985-07-19 14:53:11 天津市 广州市 guiyingfeng
2013-11-24 19:43:51 浙江省 重庆市 taogao
1971-11-27 14:47:05 江苏省 上海市 hliu
1982-07-13 03:21:51 天津市 深圳市 mogang
2002-06-18 11:37:53 北京市 北京市 juanwei
1972-11-04 10:23:06 北京市 广州市 tao41
2008-08-18 11:20:07 重庆市 广州市 chao02
1976-04-22 11:23:49 广东省 北京市 yanna
1994-05-24 03:22:24 上海市 深圳市 chao69
1973-02-17 03:58:55 重庆市 深圳市 panming
2022-04-11 04:28:11 北京市 杭州市 wanxiulan
2003-03-06 08:00:47 浙江省 天津市 juncai
2015-06-08 14:46:15 上海市 重庆市 nacao
1971-06-05 17:04:03 浙江省 重庆市 zhongjing
1985-01-11 10:20:09 浙江省 广州市 leidai
2011-06-18 21:36:04 上海市 天津市 tangyan
1998-06-08 15:02:57 江苏省 广州市 jungao
1980-08-11 13:56:02 北京市 天津市 oyao
1970-07-24 01:58:04 上海市 天津市 na93
2003-08-22 01:57:07 上海市 上海市 xia88
1979-12-23 15:38:43 重庆市 北京市 zhoujie
2019-10-06 04:37:25 广东省 北京市 gwang
2020-10-29 21:21:14 浙江省 重庆市 chaoliu
1986-11-16 19:08:24 广东省 杭州市 juanren
2006-01-11 14:14:24 北京市 重庆市 juanding
1987-10-24 07:33:34 浙江省 杭州市 yangfan
1979-03-18 10:44:14 广东省 天津市 lilong
1999-01-08 04:09:24 重庆市 天津市 wdeng
1983-05-27 02:25:33 浙江省 重庆市 fangzeng
2012-10-18 23:54:56 上海市 北京市 chaohan
2021-01-06 08:50:35 天津市 上海市 gaoqiang
2003-06-26 21:56:36 天津市 上海市 jie02
1990-12-15 16:16:37 天津市 上海市 ming12
1997-03-20 21:54:30 上海市 重庆市 pingxia
1976-07-31 03:39:31 广东省 广州市 juanshi
1984-12-08 22:25:39 上海市 杭州市 jiedong
1970-07-01 14:01:38 重庆市 深圳市 linming
2010-12-06 09:44:37 广东省 天津市 taolin
1985-01-05 01:45:16 江苏省 北京市 houfang
2005-04-04 04:38:19 天津市 杭州市 yongxiao
1971-12-19 05:52:35 北京市 北京市 gangding
1979-10-02 17:29:41 北京市 北京市 qzheng
2002-06-28 12:50:12 江苏省 北京市 juan39
1995-09-17 19:42:45 广东省 北京市 rsun
2007-03-01 10:35:12 广东省 深圳市 zhangjing
1980-06-29 18:16:19 天津市 北京市 taoqiao
1992-05-20 20:03:56 上海市 杭州市 xiulanxiang
1978-01-11 07:16:50 江苏省 杭州市 jun42
2009-04-09 09:53:24 重庆市 广州市 dfan
2001-11-13 22:39:39 浙江省 重庆市 wei40
2013-09-05 04:09:15 上海市 上海市 taowen
2018-10-25 08:25:24 上海市 天津市 jiecao
2009-05-22 04:24:06 重庆市 北京市 axue
2021-10-30 01:59:50 广东省 广州市 xiulanchang
2006-03-26 00:14:22 北京市 杭州市 min48
1977-02-01 21:02:03 天津市 广州市 jing38
2013-02-16 01:33:50 广东省 天津市 kangming
2015-09-05 15:22:47 江苏省 天津市 yhao
1999-02-23 16:20:08 重庆市 天津市 jun94
2013-05-01 12:37:59 上海市 上海市 yan79
2004-06-17 15:14:15 江苏省 天津市 yang11
2022-12-05 17:52:41 重庆市 杭州市 tao06
2000-11-22 23:23:34 北京市 北京市 zouyong
1972-04-13 12:07:54 江苏省 天津市 aqiu
1989-09-16 09:40:11 天津市 深圳市 jingdu
1977-12-23 18:00:43 上海市 上海市 tqin
2002-10-26 18:09:12 上海市 天津市 li66
1978-04-05 16:33:56 天津市 杭州市 izhong
1987-03-14 15:58:59 北京市 上海市 jie60
1997-04-27 04:48:27 浙江省 重庆市 ping82
2008-11-29 11:40:06 江苏省 深圳市 gangzeng
2009-09-21 20:05:26 重庆市 广州市 yanwu
2018-11-02 18:09:50 浙江省 广州市 fang89
1976-12-24 16:32:28 北京市 天津市 jiemao
1971-03-26 16:00:57 广东省 广州市 fangxie
1985-09-17 03:55:43 天津市 上海市 juan87
2016-09-10 04:02:49 广东省 天津市 zhuyong
1994-05-29 06:54:08 重庆市 北京市 wangfang
2002-01-20 19:21:38 北京市 广州市 xulei
2016-04-14 08:07:14 天津市 深圳市 guiyingdai
2012-03-02 01:16:32 北京市 杭州市 juanlei
1990-08-29 23:36:15 江苏省 天津市 juanqiao
2006-08-19 21:14:16 上海市 天津市 wei83
1992-02-29 10:12:07 浙江省 杭州市 zhangyan
2022-11-14 03:56:02 重庆市 上海市 yongtang
2011-06-17 13:37:48 天津市 广州市 xiangyong
1976-11-13 21:19:00 天津市 上海市 liangtao
2012-11-26 00:00:58 江苏省 北京市 leidu
2005-03-18 12:38:55 天津市 广州市 jun94
1999-10-29 04:14:05 浙江省 杭州市 qinjuan
1970-02-13 16:21:25 江苏省 重庆市 jinghu
1980-03-23 07:59:45 天津市 广州市 wei48
1975-10-31 00:45:28 天津市 北京市 xiuying72
2006-05-19 19:10:56 天津市 深圳市 li64
1997-11-17 22:10:29 上海市 广州市 fang87
2016-08-23 10:03:30 上海市 天津市 mingkang
2010-03-31 02:50:56 天津市 上海市 hanyan
2007-06-14 17:20:39 重庆市 北京市 eshen
1995-01-24 01:02:29 浙江省 天津市 jiaguiying
1979-05-13 15:16:12 江苏省 天津市 min08
1970-09-02 12:11:07 北京市 上海市 lei29
1989-09-13 10:26:39 江苏省 深圳市 licui
1970-05-28 05:32:35 上海市 北京市 fzhao
1992-03-04 05:15:25 浙江省 上海市 xiamo
1986-08-06 04:25:09 广东省 广州市 wei58
1990-10-08 15:27:57 上海市 北京市 na00
1995-11-12 06:10:26 北京市 天津市 yangmao
2004-01-02 02:12:06 重庆市 深圳市 zhoujun
1976-01-14 00:57:21 江苏省 广州市 pyuan
1986-12-02 14:03:35 北京市 上海市 yanna
2010-06-28 13:00:32 上海市 北京市 xiulanhou
1972-02-24 18:46:58 广东省 北京市 bsun
2018-11-28 23:27:13 江苏省 上海市 qiaoqiang
1990-05-24 13:20:44 广东省 深圳市 chaofu
2018-05-29 17:03:42 上海市 重庆市 lei86
2015-07-03 07:37:02 江苏省 广州市 hejing
1972-11-08 10:15:06 广东省 杭州市 wanxiuying
1979-09-28 18:14:07 上海市 上海市 mingqiao
2008-09-03 20:13:18 北京市 天津市 tao43
1990-08-04 01:30:27 重庆市 深圳市 mdai
1971-10-08 00:56:31 重庆市 广州市 ehe
1991-08-14 21:57:43 江苏省 杭州市 ufan
1997-07-30 08:06:16 广东省 天津市 xiulancheng
1987-01-15 06:13:33 北京市 杭州市 xia88
2005-09-07 08:14:56 上海市 上海市 wenlei
2001-06-02 13:16:40 江苏省 广州市 wei88
2020-03-12 10:02:13 天津市 上海市 jun06
2008-10-26 12:38:15 重庆市 天津市 ytian
1975-11-20 00:54:38 浙江省 北京市 pdeng
1973-07-31 05:03:00 广东省 上海市 jing44
2002-07-02 17:32:05 江苏省 重庆市 dengyong
1973-01-06 05:56:29 北京市 上海市 jing08
1978-07-11 10:19:47 广东省 重庆市 zlai
1981-06-25 19:52:06 北京市 天津市 wxie
2003-10-07 11:23:11 广东省 广州市 xuena
1997-01-11 14:44:09 浙江省 深圳市 jun38
1972-02-01 20:54:59 重庆市 杭州市 maochao
1988-11-18 02:38:26 上海市 深圳市 oxue
2020-08-23 23:06:15 广东省 上海市 fang62
1988-07-09 19:56:27 上海市 杭州市 shenguiying
1974-07-19 23:40:28 天津市 杭州市 dchen
2000-12-22 12:23:38 江苏省 北京市 fangxia
1996-02-01 19:21:26 北京市 上海市 wcui
2006-10-06 18:16:56 北京市 杭州市 yangqiu
1996-05-12 13:08:10 浙江省 重庆市 ozhao
2005-08-04 01:24:06 北京市 上海市 jingwei
1972-02-05 08:08:00 重庆市 上海市 qlei
1977-10-12 23:04:09 天津市 重庆市 min58
2019-09-22 05:33:00 江苏省 上海市 fengming
1974-05-22 06:50:25 北京市 杭州市 lei33
2016-12-22 08:41:10 重庆市 重庆市 ecui
1991-12-29 23:08:34 上海市 重庆市 tianfang
1977-12-04 06:25:17 广东省 上海市 exiao
1971-02-09 20:49:36 重庆市 上海市 qfeng
2022-01-30 04:04:30 浙江省 上海市 ading
1975-11-30 11:38:27 北京市 上海市 lifu
1983-11-27 19:27:58 上海市 深圳市 mgao
2000-06-24 02:08:01 重庆市 深圳市 eqiao
1995-12-19 13:03:40 广东省 上海市 luoyong
1991-11-10 17:51:43 浙江省 广州市 ping58
1987-11-05 08:37:24 北京市 天津市 ming81
2021-02-02 21:09:25 江苏省 深圳市 yaoyong
2005-05-18 11:19:46 天津市 深圳市 yong70
2023-04-11 23:21:15 天津市 上海市 baifang
2013-07-15 03:41:52 重庆市 广州市 vdai
2014-01-09 20:02:35 北京市 上海市 wufang
2009-05-18 12:43:03 重庆市 天津市 yangzhang
2021-03-09 10:16:37 重庆市 北京市 li10
1988-06-01 01:36:40 上海市 上海市 jielu
1970-05-23 01:39:25 浙江省 天津市 changlei
2017-03-07 05:16:06 浙江省 天津市 ozhang
1971-03-10 00:07:01 上海市 上海市 shaowei
1984-08-08 18:39:07 天津市 重庆市 maguiying
2023-01-11 06:11:29 江苏省 重庆市 yong76
2016-11-28 10:32:35 天津市 上海市 szhong
1986-11-07 20:30:45 上海市 深圳市 jieliang
1973-11-14 15:51:35 江苏省 北京市 taosong
1998-06-08 05:43:18 上海市 杭州市 houfang
1987-05-19 15:32:11 广东省 广州市 ming17
1979-02-14 01:36:31 北京市 广州市 licao
1986-08-20 19:07:13 北京市 深圳市 chao35
1985-03-30 01:40:35 江苏省 重庆市 mhuang
1981-06-09 17:52:29 北京市 重庆市 yan37
1990-07-28 02:22:58 广东省 北京市 yang26
2009-08-07 18:36:03 北京市 天津市 chenfang
2012-01-14 02:52:05 浙江省 深圳市 li94
2006-01-28 00:44:06 天津市 天津市 ghuang
1986-12-26 20:41:14 天津市 北京市 gangwen
2004-02-06 21:05:31 北京市 深圳市 pzhou
2022-07-28 07:54:09 江苏省 重庆市 jingren
1970-12-31 08:34:14 北京市 上海市 fangzhang
1997-05-25 10:21:16 浙江省 广州市 wei09
2018-05-20 09:06:32 北京市 天津市 guiying32
2014-01-19 03:40:26 重庆市 天津市 na12
1972-06-19 14:12:54 广东省 杭州市 houyong
2019-04-18 13:35:22 广东省 北京市 jing94
2023-06-06 23:41:56 重庆市 广州市 yang67
2017-10-14 21:57:05 江苏省 上海市 luoxia
1997-01-10 20:36:39 北京市 北京市 jie56
1976-12-13 13:30:23 北京市 广州市 maoyan
1985-11-05 07:10:15 江苏省 杭州市 wangxia
1995-06-05 18:59:04 江苏省 北京市 byao
1994-07-25 01:28:10 江苏省 上海市 yang44
1974-05-21 10:53:18 重庆市 上海市 junmo
1974-06-11 22:47:21 浙江省 北京市 sunxia
2000-07-16 07:40:48 江苏省 杭州市 jing83
1971-09-26 03:25:20 北京市 广州市 shilei
2004-04-15 22:01:42 江苏省 重庆市 jie25
1980-04-17 01:09:19 江苏省 天津市 gfang
2004-04-03 15:06:46 北京市 广州市 xiulan76
1983-04-08 03:51:28 重庆市 天津市 tao33
1984-11-09 16:55:38 重庆市 北京市 maxiulan
1999-02-16 01:45:29 重庆市 杭州市 juan51
1994-08-20 10:09:31 北京市 北京市 juncheng
1985-10-19 22:06:11 广东省 上海市 konggang
2008-03-25 02:19:15 广东省 北京市 xiuying31
2020-12-22 17:31:18 上海市 广州市 hdu
1973-10-27 11:54:04 上海市 杭州市 qiaochao
2006-02-06 12:59:33 江苏省 上海市 minyin
1983-10-12 09:32:23 重庆市 杭州市 hanjuan
2014-02-23 08:14:19 重庆市 上海市 xiulanfan
2004-12-05 23:16:04 重庆市 重庆市 ping41
1998-10-16 22:05:40 江苏省 北京市 jzhou
2012-06-17 15:18:17 天津市 深圳市 junding
2015-02-07 14:57:04 浙江省 杭州市 yuanyang
2006-09-07 00:42:25 广东省 重庆市 xianglei
2002-12-22 20:10:08 浙江省 重庆市 min33
2007-02-04 17:12:57 北京市 杭州市 li67
1972-01-22 16:48:03 浙江省 北京市 fliu
2016-05-06 11:12:08 北京市 天津市 sgu
2005-02-16 08:48:22 重庆市 北京市 jiangtao
1984-07-25 00:25:56 江苏省 深圳市 xiulandai
1977-07-01 07:53:01 上海市 北京市 yongqin
1980-07-23 13:46:26 重庆市 重庆市 yanglu
2000-05-26 13:10:41 江苏省 深圳市 wanyan
2011-10-21 02:15:40 广东省 上海市 jinjun
2015-06-22 14:56:06 浙江省 重庆市 yanlong
2022-02-22 05:29:09 重庆市 深圳市 xiuyingshao
2004-07-30 12:37:02 北京市 重庆市 yansu
2006-06-15 14:12:22 北京市 深圳市 zhanglei
2022-10-15 22:02:37 广东省 天津市 na00
2002-11-07 20:58:23 上海市 重庆市 songtao
1980-10-19 07:02:43 浙江省 深圳市 shaoguiying
1977-12-13 02:12:23 重庆市 深圳市 jing04
1979-07-27 12:27:49 上海市 深圳市 jingfan
1970-03-25 06:14:10 重庆市 上海市 kangjing
2007-11-19 03:40:09 天津市 深圳市 guiyingding
1970-11-23 18:24:15 浙江省 北京市 mingxie
1973-10-03 04:58:45 江苏省 天津市 qiangguo
2015-12-08 19:01:33 北京市 上海市 min94
1987-08-02 18:50:02 北京市 深圳市 cuixiuying
2016-04-18 17:40:12 上海市 北京市 yangjia
2015-07-18 17:08:46 北京市 天津市 rxiao
1986-03-09 01:00:45 浙江省 天津市 xiulan25
1988-02-07 12:58:16 天津市 天津市 jie87
1992-04-21 20:59:35 江苏省 广州市 chenxiuying
1970-09-27 20:37:33 江苏省 北京市 izhu
1991-11-03 13:17:25 北京市 杭州市 kshao
1975-09-28 04:17:59 广东省 上海市 ping62
1990-11-19 21:34:48 江苏省 北京市 syuan
1971-03-28 17:57:11 广东省 广州市 xiulan20
2018-04-14 01:09:32 上海市 重庆市 jun34
2003-03-11 18:20:32 浙江省 深圳市 caoqiang
2020-09-12 09:40:26 重庆市 北京市 yyin
1994-04-23 10:33:11 上海市 重庆市 yangjiang
2001-06-02 05:01:44 江苏省 天津市 cfu
1971-05-15 17:06:21 浙江省 深圳市 tcheng
1997-09-29 11:42:59 重庆市 杭州市 olu
1999-05-20 22:56:56 上海市 深圳市 xyang
2004-11-20 10:55:30 广东省 杭州市 mengli
1997-01-25 11:28:14 江苏省 上海市 yanlu
2017-08-18 16:05:45 北京市 重庆市 qiangfu
1970-07-09 03:48:57 北京市 北京市 dingyan
1988-07-22 13:45:12 浙江省 杭州市 sungang
1979-05-11 16:14:28 北京市 重庆市 jing30
2004-12-24 00:57:26 上海市 重庆市 yong58
1989-03-31 15:56:01 天津市 天津市 yan17
2003-03-19 15:42:07 江苏省 天津市 jie36
1996-12-07 06:12:06 浙江省 杭州市 kangjuan
2014-12-12 07:57:40 广东省 上海市 chaoma
2019-09-04 15:51:43 天津市 上海市 jqin
1997-12-17 16:05:54 广东省 上海市 qiang63
1981-03-06 11:59:27 广东省 深圳市 bliu
2019-12-31 03:15:16 江苏省 天津市 cjiang
2011-11-24 18:44:48 广东省 重庆市 qiang16
1991-06-07 04:23:41 浙江省 广州市 houna
2003-05-10 10:13:03 江苏省 杭州市 huangqiang
1976-01-29 15:06:03 江苏省 重庆市 pingwei
1986-09-13 05:02:45 浙江省 天津市 na01
1970-11-29 23:41:28 江苏省 上海市 wumin
2009-05-11 16:37:29 上海市 深圳市 chaoding
2016-12-04 20:00:29 重庆市 北京市 haojing
1994-03-07 22:08:01 上海市 广州市 zhongxiuying
1977-09-02 15:46:15 江苏省 深圳市 juanhe
2007-06-27 20:04:49 上海市 深圳市 juanfu
1978-08-05 13:13:33 江苏省 天津市 jingqiao
2023-06-27 03:18:39 江苏省 深圳市 vshao
2005-10-30 11:41:20 天津市 广州市 qiangluo
1995-04-29 08:30:17 重庆市 杭州市 clei
1997-08-30 09:56:28 北京市 上海市 qiangyi
1974-01-05 06:55:21 重庆市 上海市 chao25
2019-09-29 01:37:23 上海市 深圳市 yutao
2020-11-09 19:28:39 江苏省 杭州市 lei36
1978-05-17 08:40:58 江苏省 北京市 changtao
1986-07-25 20:20:31 江苏省 上海市 junsu
2000-06-17 23:12:46 北京市 重庆市 jjiang
2022-04-29 18:47:52 浙江省 深圳市 nbai
1997-03-05 00:30:27 广东省 广州市 izou
1982-01-03 05:58:52 北京市 北京市 linming
1983-06-23 23:57:48 北京市 北京市 kyu
1998-03-06 00:59:48 天津市 深圳市 donggang
1973-06-21 20:37:20 浙江省 深圳市 moyan
1990-03-29 10:20:44 江苏省 上海市 gaoping
1995-01-11 07:18:09 北京市 深圳市 chaoqian
1999-01-03 12:38:06 天津市 广州市 fangang
2020-07-29 19:39:56 北京市 天津市 mcheng
2014-07-18 19:19:46 天津市 天津市 weijiang
1978-09-09 07:55:10 北京市 北京市 cailei
1983-09-03 16:03:36 江苏省 杭州市 jinglong
1977-10-30 10:38:06 浙江省 重庆市 ganglai
1980-01-08 00:25:16 重庆市 上海市 jfang
1982-07-09 09:01:52 重庆市 广州市 uxiao
1984-06-16 11:26:35 北京市 深圳市 xiuyinggao
1999-11-20 01:02:06 重庆市 重庆市 szhu
1992-05-15 23:22:20 天津市 北京市 chaoyin
2021-06-28 16:21:21 浙江省 天津市 fang12
1978-04-13 11:38:05 广东省 天津市 jiewang
2003-03-15 22:55:04 上海市 北京市 junlu
1998-01-21 20:50:33 上海市 北京市 mingzhang
1987-10-25 04:51:41 北京市 天津市 liliu
1995-11-20 04:12:46 江苏省 北京市 yanglu
1989-03-18 13:05:17 天津市 天津市 guiyingyan
2017-06-10 16:14:54 上海市 深圳市 xiuyingxue
2016-11-08 09:43:31 广东省 重庆市 moxia
2009-10-17 17:41:59 浙江省 广州市 taotian
2011-11-27 15:27:02 天津市 上海市 than
2012-10-05 04:31:46 广东省 上海市 fangxia
1993-09-15 16:47:37 广东省 天津市 iding
1982-12-05 02:57:23 广东省 广州市 nakang
2007-02-25 22:59:07 江苏省 深圳市 gang06
1990-07-25 04:21:30 北京市 上海市 chao11
2008-12-30 00:36:11 浙江省 广州市 li71
2020-11-02 06:54:21 北京市 天津市 bzou
2007-01-19 17:35:59 广东省 重庆市 zhangping
1973-12-15 20:09:52 江苏省 上海市 yang98
1995-03-07 19:13:30 浙江省 杭州市 fang81
2007-04-27 18:11:58 江苏省 北京市 minhu
2007-08-06 03:19:15 广东省 上海市 jietan
1973-03-29 01:42:38 江苏省 杭州市 wei85
1998-05-23 17:13:51 北京市 深圳市 thu
2014-07-13 18:42:29 上海市 北京市 mingwei
2002-05-21 10:11:29 北京市 天津市 jun46
2002-12-17 09:18:43 北京市 天津市 shitao
1972-03-19 05:26:06 浙江省 广州市 xiulanma
1974-03-25 04:52:58 北京市 天津市 syao
1976-08-08 12:32:02 上海市 广州市 xiagu
1994-12-27 18:51:38 广东省 深圳市 juanduan
1983-07-19 14:39:10 江苏省 上海市 weizhong
2001-08-01 12:06:51 浙江省 广州市 xiajuan
1978-09-11 04:56:48 上海市 天津市 guiying09
1987-05-24 23:01:52 江苏省 深圳市 luojing
1983-05-20 18:48:27 广东省 上海市 xiulan37
1995-01-04 03:45:46 重庆市 北京市 lei56
1984-10-10 08:20:50 上海市 天津市 gujie
2008-09-20 11:28:40 重庆市 北京市 leiguo
1987-12-14 14:56:26 重庆市 重庆市 xuena
2005-12-04 12:59:02 浙江省 深圳市 yangqiang
1985-03-08 09:35:02 广东省 天津市 myu
1990-10-02 15:37:22 广东省 重庆市 etan
2001-01-26 17:05:30 北京市 上海市 ifu
2005-10-29 06:36:59 上海市 北京市 xiuyingchang
2021-05-04 01:12:48 浙江省 广州市 fkong
1981-07-04 03:49:42 浙江省 深圳市 mzhong
2004-01-05 23:08:12 江苏省 重庆市 chao93
1987-06-16 15:20:32 浙江省 广州市 uluo
1988-04-11 16:41:21 上海市 深圳市 kyin
1986-09-16 19:07:59 广东省 上海市 duanfang
2013-07-05 21:19:25 重庆市 深圳市 ming29
2006-11-10 13:45:09 上海市 上海市 jtang
2022-05-20 21:21:47 浙江省 重庆市 jieshi
1984-09-29 21:28:57 天津市 上海市 tao93
1996-12-14 02:50:41 上海市 重庆市 dchen
1995-11-04 03:28:48 广东省 北京市 na69
2019-07-17 15:36:31 上海市 天津市 ping48
1992-05-17 23:25:39 北京市 深圳市 juanguo
1970-02-22 14:43:56 江苏省 北京市 izhou
1996-07-14 21:58:50 重庆市 杭州市 junwen
1989-06-04 18:38:02 天津市 上海市 yongwu
2005-03-12 19:49:10 上海市 杭州市 jiehuang
1971-12-23 05:52:21 浙江省 杭州市 yong77
2022-01-28 06:19:53 广东省 杭州市 chao10
1990-10-28 20:15:05 浙江省 深圳市 qiaoyan
1976-05-29 02:00:49 上海市 广州市 zouli
1981-06-01 02:49:21 重庆市 杭州市 lei15
2018-02-20 13:11:48 广东省 深圳市 yanliu
1990-09-29 02:37:42 广东省 天津市 xiuyingyang
1992-01-09 03:38:41 天津市 北京市 yan00
2005-09-20 09:10:42 广东省 广州市 jingcai
2006-03-08 00:19:54 北京市 广州市 kangtao
1971-06-13 18:32:09 上海市 广州市 fangliang
1996-03-19 18:22:09 广东省 杭州市 jun78
2014-02-03 12:45:51 天津市 广州市 jingliao
1972-01-31 10:53:59 重庆市 广州市 xiulanwei
1980-09-16 18:03:41 江苏省 杭州市 nzhong
1972-04-11 06:52:57 江苏省 北京市 guiying31
2021-09-30 20:13:39 天津市 上海市 hyao
2017-06-27 04:31:19 江苏省 北京市 xjia
2016-08-01 00:56:15 广东省 重庆市 hetao
1988-06-02 22:49:43 广东省 杭州市 laiguiying
1999-05-03 19:54:30 重庆市 深圳市 zyang
1970-12-03 18:20:54 广东省 深圳市 gang71
1976-06-24 16:26:28 天津市 杭州市 ming20
1975-11-08 09:10:39 浙江省 杭州市 qiangduan
1985-05-14 04:50:10 重庆市 杭州市 renxiulan
2021-06-03 12:29:44 江苏省 深圳市 elong
1995-02-16 11:55:37 天津市 杭州市 jingyuan
2010-09-08 17:12:36 天津市 重庆市 li66
1990-09-18 05:36:22 上海市 北京市 wei14
1987-05-25 17:45:18 江苏省 广州市 min11
2006-02-12 15:54:23 重庆市 上海市 acui
1983-11-29 00:42:18 广东省 深圳市 jie21
1990-07-23 00:12:27 北京市 深圳市 lishi
1973-12-30 02:15:33 江苏省 杭州市 bmao
1998-06-20 21:34:51 上海市 深圳市 jun28
2016-09-26 16:03:11 广东省 广州市 min68
2019-10-15 13:16:24 北京市 深圳市 gongyong
2022-11-05 22:27:14 浙江省 天津市 wfeng
2010-01-11 20:01:48 江苏省 广州市 fujing
1984-02-19 18:03:30 浙江省 杭州市 li52
1994-09-20 04:56:53 重庆市 北京市 baijun
1983-08-21 03:15:38 北京市 重庆市 taoli
1992-10-28 16:16:56 广东省 北京市 yanmo
2021-06-01 15:52:50 北京市 广州市 wei73
1992-03-05 16:52:21 浙江省 深圳市 jluo
1998-01-16 07:05:07 江苏省 北京市 kma
2014-10-12 04:53:45 上海市 杭州市 na10
2019-05-29 17:03:06 天津市 北京市 kongchao
1996-05-10 18:26:28 上海市 深圳市 minfang
2004-02-26 13:04:26 北京市 重庆市 guiyingmao
2023-01-10 09:31:50 天津市 杭州市 lei26
2013-06-12 09:07:33 北京市 北京市 liaoyang
1997-08-06 13:05:38 天津市 重庆市 nashao
1981-11-13 19:33:59 浙江省 杭州市 tao02
1972-12-18 04:56:52 天津市 天津市 xia57
1987-04-29 12:07:30 重庆市 北京市 lei44
1989-06-14 00:41:12 重庆市 重庆市 lei69
2021-06-08 15:35:45 广东省 上海市 ohao
2005-10-22 00:51:57 北京市 杭州市 ganghao
2017-06-21 20:21:01 重庆市 重庆市 umo
1977-01-11 22:15:08 浙江省 杭州市 mingyuan
2008-02-23 13:01:20 江苏省 杭州市 liliao
1972-04-02 04:19:24 上海市 杭州市 yangqiu
1981-08-23 00:47:33 天津市 深圳市 yanxiao
1999-11-26 22:51:19 上海市 天津市 liangmin
1988-05-13 05:35:45 广东省 天津市 shijuan
2020-04-22 05:08:11 北京市 重庆市 hexiuying
2003-10-30 01:24:48 天津市 天津市 yifang
1983-07-16 23:57:59 天津市 北京市 jinglei
1991-04-26 22:02:47 重庆市 杭州市 qiangyuan
2023-01-17 17:46:19 天津市 深圳市 juandeng
1990-05-14 10:11:11 浙江省 广州市 liujun
2020-05-01 16:58:28 广东省 上海市 juanzhu
1978-06-23 12:49:08 北京市 深圳市 jsong
1995-04-13 11:47:28 浙江省 重庆市 kangxiulan
2010-10-02 01:46:54 浙江省 广州市 jiajuan
1980-02-06 07:57:19 江苏省 北京市 jun33
1997-06-06 03:39:05 江苏省 北京市 fang59
1977-12-18 05:50:12 浙江省 天津市 sma
1991-11-12 18:09:17 广东省 上海市 mingyan
1979-06-15 12:23:32 江苏省 重庆市 chaoyin
1973-06-27 13:41:35 天津市 杭州市 syang
1992-01-28 07:53:53 重庆市 北京市 lei78
1990-10-12 11:48:00 江苏省 深圳市 xiulan96
1981-10-25 20:30:52 重庆市 杭州市 chao44
1976-04-14 22:51:43 天津市 上海市 yong41
1993-06-15 15:59:48 重庆市 重庆市 amao
2012-10-09 11:50:11 重庆市 广州市 fanghu
2004-03-18 17:17:15 重庆市 杭州市 jing21
2003-05-29 04:53:48 江苏省 北京市 yong20
1974-01-28 04:37:44 广东省 天津市 sunyang
1998-10-03 12:47:00 广东省 深圳市 mingdai
1991-06-26 19:57:43 广东省 杭州市 xia70
1976-12-06 19:42:56 北京市 深圳市 xiulan30
1993-02-07 00:53:09 上海市 天津市 xiulan17
2012-12-03 10:41:14 广东省 上海市 xialei
1984-03-17 04:12:46 上海市 深圳市 jjia
1985-02-10 18:35:28 重庆市 天津市 changmin
1981-09-06 13:38:48 广东省 深圳市 mingkong
1978-05-29 20:52:37 上海市 上海市 yaoming
1985-01-20 14:10:55 重庆市 天津市 nachang
1998-01-05 18:53:03 广东省 重庆市 qinjing
2008-03-18 13:08:21 天津市 广州市 mwang
1979-02-05 22:54:05 重庆市 广州市 caoyong
2012-04-04 00:50:02 江苏省 杭州市 qliu
2012-08-19 12:19:24 浙江省 广州市 wenyong
1999-06-30 17:38:59 上海市 北京市 junxue
2020-10-02 14:48:59 上海市 广州市 ping96
1992-07-30 00:39:10 北京市 重庆市 nalin
1993-10-16 11:32:05 北京市 北京市 li16
1998-12-23 17:15:37 北京市 深圳市 ktao
1981-09-08 21:33:25 天津市 上海市 yangfang
2016-10-14 13:35:53 天津市 广州市 li51
1985-09-17 23:10:13 重庆市 深圳市 yangming
1981-07-08 20:11:14 重庆市 天津市 wyang
2018-05-12 11:18:31 重庆市 上海市 hma
1991-05-02 17:31:14 广东省 深圳市 yongmao
1973-07-20 06:39:46 天津市 广州市 clin
2014-08-28 07:28:15 广东省 广州市 wei54
1988-11-17 08:28:24 浙江省 北京市 shenxiuying
2019-03-20 23:47:44 天津市 北京市 yfu
1982-12-05 08:36:21 江苏省 天津市 mengguiying
2001-11-28 06:06:55 广东省 天津市 hyang
1987-02-10 00:56:08 上海市 天津市 jinyan
2016-02-08 16:04:28 天津市 上海市 yzhou
1974-10-04 16:30:09 上海市 重庆市 yanbai
1985-08-17 04:25:17 天津市 深圳市 weigong
1981-11-27 17:07:23 广东省 天津市 nyan
1983-05-16 21:34:01 北京市 北京市 xwen
1993-09-22 06:47:55 广东省 杭州市 sunqiang
1986-07-30 06:29:55 天津市 北京市 xzhong
1991-07-11 01:00:40 天津市 上海市 jieyan
1992-04-10 05:32:43 江苏省 天津市 zengchao
1998-12-08 22:11:50 浙江省 北京市 yan79
1989-09-26 22:11:24 天津市 重庆市 weizhong
1993-01-12 14:07:43 广东省 广州市 wenfang
1975-09-28 18:15:44 浙江省 天津市 changna
1997-01-02 21:31:14 江苏省 深圳市 fangwan
2018-11-28 01:08:47 重庆市 上海市 naliao
1986-04-02 11:36:31 江苏省 重庆市 linchao
1992-05-02 14:57:19 重庆市 广州市 zenglei
1978-09-25 02:58:36 广东省 深圳市 oshao
2016-05-07 11:16:25 浙江省 天津市 yang24
1978-11-20 15:57:56 江苏省 杭州市 xjia
2017-11-05 06:13:35 天津市 深圳市 yeping
2023-06-26 23:45:18 广东省 广州市 guiyingyang
2021-08-17 13:15:30 浙江省 天津市 lgao
2018-01-24 09:04:38 天津市 上海市 houli
1974-07-16 10:11:58 北京市 广州市 baimin
1981-05-03 20:31:13 广东省 北京市 lei80
2006-06-08 16:08:05 江苏省 深圳市 flei
2006-01-06 07:17:47 天津市 天津市 klin
2019-02-19 23:28:56 浙江省 重庆市 wyu
2015-06-21 02:12:49 重庆市 北京市 xiulanjin
2018-05-13 12:42:20 上海市 广州市 xieguiying
2005-10-06 18:56:58 江苏省 北京市 xiaguo
2020-09-16 04:34:07 天津市 深圳市 jielong
1992-11-08 20:24:09 北京市 北京市 sunguiying
2000-10-04 22:47:54 北京市 广州市 xiayang
1989-01-25 14:11:28 上海市 北京市 caoming
1992-05-06 15:24:11 北京市 杭州市 taoye
1994-08-25 14:14:17 天津市 重庆市 chao66
1974-06-20 06:52:07 北京市 北京市 jiangtao
1970-03-18 10:34:09 广东省 北京市 leimo
1981-09-25 07:59:25 广东省 重庆市 mingchang
1990-11-25 07:34:09 天津市 重庆市 weiren
1988-12-29 19:30:37 广东省 重庆市 gangqiao
1990-09-02 08:18:34 天津市 重庆市 xiulan42
1976-07-09 11:31:52 北京市 杭州市 juan08
1989-06-03 07:58:02 广东省 北京市 changping
1983-08-28 12:58:52 重庆市 广州市 xiejing
2013-11-20 15:49:28 浙江省 上海市 min83
1987-05-29 13:26:13 北京市 天津市 yongyan
1985-04-15 06:00:11 天津市 上海市 qiang61
1992-11-27 06:56:14 重庆市 深圳市 kongyan
2011-02-12 08:35:02 重庆市 深圳市 gjin
1998-03-03 03:17:40 江苏省 广州市 taofu
2019-12-25 00:52:09 江苏省 重庆市 liaoping
1998-03-08 07:55:12 广东省 天津市 eliao
1980-12-20 06:15:52 重庆市 上海市 pyang
1980-03-26 18:19:58 广东省 杭州市 cxia
1985-09-18 18:51:35 北京市 上海市 ilong
1973-12-05 06:00:09 重庆市 重庆市 jqian
2005-06-02 16:30:40 广东省 广州市 wli
2021-01-09 13:05:33 上海市 北京市 yang30
1980-10-05 09:41:11 北京市 天津市 xiuyingzhong
2011-04-02 15:24:42 北京市 北京市 guiyinghou
1976-03-19 11:14:37 上海市 广州市 yuqiang
2001-04-17 08:04:28 广东省 重庆市 maoli
1988-03-17 11:53:13 上海市 深圳市 rhe
2009-01-16 07:47:17 上海市 天津市 shaoli
2004-07-11 15:36:51 天津市 杭州市 gang28
2009-11-30 18:53:55 浙江省 广州市 chao06
1977-04-10 22:43:25 天津市 杭州市 nlai
1998-12-31 16:10:32 天津市 广州市 luna
1971-02-06 02:12:42 上海市 北京市 houfang
1998-01-04 22:26:14 上海市 广州市 yanqiang
1980-09-05 18:50:55 广东省 深圳市 zhengxiulan
1981-05-04 21:52:54 重庆市 重庆市 liuchao
2012-03-21 16:24:33 浙江省 杭州市 changjing
1985-04-26 23:08:50 浙江省 北京市 guguiying
2000-09-26 23:46:39 重庆市 北京市 majuan
2016-05-14 09:08:39 上海市 天津市 uhe
2003-03-27 10:32:12 天津市 重庆市 na17
1972-02-17 21:43:25 江苏省 天津市 tding
2012-02-15 10:20:14 浙江省 重庆市 dingxiulan
1999-02-20 23:02:10 广东省 上海市 yongshi
1994-02-14 23:26:41 天津市 上海市 xiexia
2014-10-21 11:54:16 浙江省 深圳市 songli
1990-10-13 11:35:05 重庆市 天津市 chaosong
1982-12-27 16:43:20 江苏省 重庆市 kongyong
2002-03-11 03:30:36 重庆市 杭州市 oqin
1988-12-25 17:14:19 上海市 北京市 qiang52
2007-12-18 04:45:59 江苏省 深圳市 minkong
1975-09-30 14:24:59 北京市 杭州市 linyong
2007-10-15 23:55:00 天津市 杭州市 tpan
1975-12-19 09:56:24 浙江省 北京市 min08
1989-10-31 06:52:52 上海市 杭州市 gongyang
1983-12-13 05:39:20 江苏省 杭州市 junzhou
1981-06-27 12:51:52 广东省 天津市 bchang
1980-06-16 06:00:15 北京市 深圳市 jing19
2006-06-05 07:34:17 广东省 深圳市 weihe
1978-06-19 13:43:21 江苏省 重庆市 izhou
2019-09-19 22:22:38 上海市 重庆市 bgu
1983-12-03 14:49:47 广东省 杭州市 ping34
1971-10-11 04:58:05 广东省 天津市 ping66
1974-11-10 18:32:39 重庆市 天津市 fang81
2017-06-23 11:21:30 重庆市 重庆市 jiangxiuying
2005-01-05 07:21:36 北京市 广州市 hlin
2018-02-22 03:45:02 北京市 北京市 qinxia
2021-05-02 20:05:20 北京市 重庆市 liangming
1995-10-25 06:51:12 江苏省 上海市 azhu
1992-03-24 18:21:14 江苏省 天津市 leilu
1998-08-15 00:14:18 广东省 上海市 yuanmin
2018-03-21 23:09:05 广东省 广州市 liangchao
1995-03-21 23:42:58 北京市 广州市 xiangjun
1978-10-24 04:17:30 广东省 广州市 gangmo
1997-11-30 00:49:56 上海市 天津市 liaoyan
2012-10-17 01:36:39 广东省 上海市 jinmin
2004-01-29 05:59:21 浙江省 天津市 xiulanjin
2011-08-01 01:57:20 浙江省 深圳市 leikang
2017-09-11 18:33:27 江苏省 广州市 zhouchao
2023-07-07 15:10:44 重庆市 天津市 zlin
2008-02-23 19:47:16 重庆市 重庆市 chenjie
1998-08-26 17:33:15 江苏省 北京市 ixue
2016-08-20 03:12:16 江苏省 广州市 kongjie
1997-10-19 07:27:53 上海市 重庆市 xiulan21
1985-11-12 21:29:38 浙江省 天津市 min09
1998-12-02 13:14:36 北京市 重庆市 dingtao
1978-07-29 23:24:33 北京市 广州市 chengyan
1993-04-06 06:59:24 天津市 深圳市 ihuang
1979-01-17 13:06:59 重庆市 上海市 heyong
2001-10-13 05:40:04 北京市 北京市 xiuyingren
1999-12-05 23:59:05 江苏省 天津市 edai
1993-07-13 05:36:01 天津市 上海市 limao
1997-09-22 02:25:11 北京市 深圳市 qinxiulan
2011-07-29 13:40:40 江苏省 杭州市 xia43
2003-12-23 15:29:32 浙江省 上海市 pinglei
1975-12-12 19:55:43 北京市 深圳市 xwang
2016-06-13 12:15:16 上海市 深圳市 jie15
2012-05-20 14:03:02 江苏省 上海市 dyin
2004-12-18 23:59:53 天津市 杭州市 gang07
2002-09-13 11:08:59 北京市 杭州市 wei93
2008-09-23 00:47:44 北京市 天津市 yanxiang
2014-10-26 19:28:25 北京市 深圳市 lujun
1973-11-18 08:45:10 上海市 杭州市 jun57
1981-10-15 05:26:35 上海市 北京市 cliu
2012-06-10 21:51:20 重庆市 北京市 fujun
1997-09-22 08:08:50 江苏省 广州市 xiulan66
1985-06-08 17:00:04 上海市 杭州市 tliao
2014-08-26 16:16:37 广东省 天津市 nasu
2008-03-16 08:24:16 江苏省 杭州市 jingliao
2020-11-08 21:58:55 江苏省 北京市 linming
2010-10-15 08:08:33 北京市 广州市 scao
2009-12-21 15:07:19 天津市 杭州市 xia29
1983-12-17 13:54:51 江苏省 上海市 juan39
1978-02-19 00:48:59 广东省 天津市 wanfang
1998-03-25 01:46:51 江苏省 天津市 jiewen
2010-08-30 21:45:45 上海市 广州市 fang26
2012-08-28 09:01:55 天津市 上海市 twei
1975-07-19 22:28:20 浙江省 杭州市 guiying80
1974-12-12 06:18:02 江苏省 天津市 juanzhong
1972-09-16 00:44:22 江苏省 深圳市 xfeng
2001-08-18 09:37:18 天津市 杭州市 min04
2015-03-10 00:35:08 重庆市 天津市 mye
1982-07-18 06:36:40 上海市 天津市 wantao
1974-05-04 23:19:22 江苏省 重庆市 cgao
2007-11-29 23:58:35 重庆市 广州市 ming31
2003-07-21 14:24:27 浙江省 天津市 pzheng
2015-07-28 13:48:41 重庆市 天津市 li40
2011-11-29 01:05:50 广东省 上海市 yan12
2003-02-06 04:56:08 天津市 重庆市 jgao
1978-04-02 20:30:01 广东省 上海市 wenchao
2002-05-07 13:08:34 江苏省 广州市 huangping
2009-12-23 04:43:59 广东省 杭州市 gonglei
2013-07-19 20:33:19 上海市 深圳市 junjia
1981-12-05 12:04:37 江苏省 天津市 pingyu
1978-10-08 18:06:01 江苏省 杭州市 ypeng
1995-12-21 12:18:24 上海市 北京市 jiangping
2019-01-20 22:20:36 广东省 广州市 kgao
2002-10-09 17:26:36 江苏省 广州市 qiangmeng
2019-06-01 18:35:06 北京市 北京市 gangzeng
1973-07-18 07:36:09 江苏省 北京市 cxiong
2009-01-03 06:02:22 重庆市 深圳市 xiangyang
1977-12-24 09:12:53 江苏省 天津市 tjia
2007-12-28 09:57:17 江苏省 天津市 yxiang
2014-07-29 08:15:54 北京市 广州市 gaoyang
2019-10-14 22:14:10 浙江省 深圳市 taokang
1991-07-01 03:08:22 广东省 重庆市 xuxiulan
1988-10-25 04:00:33 重庆市 广州市 jzhong
2015-05-01 16:24:46 天津市 广州市 renjuan
2004-12-12 04:37:19 天津市 杭州市 npeng
2020-02-17 14:55:48 天津市 广州市 yanluo
1973-03-05 20:40:17 广东省 深圳市 fujing
1990-12-14 00:46:25 浙江省 杭州市 nayan
1970-06-07 06:06:38 北京市 天津市 ping78
2011-10-08 21:49:45 天津市 上海市 yong18
2020-12-13 03:23:56 上海市 广州市 igong
2010-05-13 08:50:14 浙江省 杭州市 stang
2008-10-08 09:26:32 北京市 杭州市 lideng
1977-03-16 20:24:46 天津市 北京市 bshen
1974-11-10 14:32:13 浙江省 天津市 ming81
2001-02-08 13:00:12 上海市 北京市 leiyuan
1974-05-28 11:25:28 重庆市 广州市 ping05
1973-06-26 11:30:51 北京市 杭州市 qiuxiulan
1981-07-30 01:17:23 天津市 北京市 yang76
1977-03-03 20:10:15 天津市 重庆市 renguiying
2011-02-24 00:27:52 重庆市 深圳市 mengna
1989-06-13 11:41:07 重庆市 广州市 hanjing
1986-04-01 18:52:46 上海市 重庆市 hqiao
2007-09-23 08:38:21 重庆市 上海市 lilai
2006-03-30 20:44:49 广东省 杭州市 min98
1995-12-12 10:42:00 广东省 杭州市 leisong
1972-02-15 10:15:58 广东省 北京市 leitang
2015-06-24 02:13:07 广东省 重庆市 ayu
2015-08-28 13:55:30 上海市 广州市 ganglin
2002-07-24 22:43:46 上海市 上海市 mlei
2014-09-26 08:57:44 广东省 上海市 bwang
1977-07-17 22:49:29 天津市 重庆市 jing30
1970-08-18 00:04:59 重庆市 天津市 gangliang
2001-01-22 23:27:18 江苏省 广州市 li72
2010-05-30 06:46:29 重庆市 深圳市 fangang
1977-12-01 18:21:02 上海市 天津市 yong79
1994-03-24 05:03:53 天津市 北京市 bdai
2015-04-21 11:51:21 上海市 天津市 yaoyong
2001-11-29 12:17:57 浙江省 深圳市 zhaomin
2005-12-01 05:50:00 重庆市 重庆市 taozheng
1996-01-18 17:54:56 重庆市 天津市 oxiang
1975-10-06 02:31:35 江苏省 杭州市 taocui
2017-02-03 20:25:42 江苏省 上海市 xiuying70
2003-01-02 10:02:57 江苏省 重庆市 jiawei
1989-06-15 11:11:46 重庆市 天津市 eduan
1993-11-21 15:52:47 天津市 北京市 fma
2018-07-08 20:23:03 北京市 深圳市 xiulanshi
1974-04-17 03:09:01 重庆市 北京市 weichen
1975-05-20 11:12:40 江苏省 杭州市 gangliu
1975-03-04 13:46:26 浙江省 深圳市 yong58
1973-07-21 18:59:30 北京市 天津市 yangxiuying
2019-10-01 03:05:35 天津市 上海市 pingren
2000-10-16 04:57:31 上海市 上海市 vlai
2022-06-06 23:30:20 江苏省 北京市 mingkong
1980-05-30 21:59:30 天津市 北京市 fangxiuying
1991-08-30 03:18:22 广东省 北京市 gang76
2017-02-10 00:02:06 浙江省 杭州市 suxiuying
2000-01-15 04:58:01 浙江省 重庆市 juandong
2002-01-11 00:37:44 天津市 广州市 yanxue
1990-06-04 13:11:10 江苏省 深圳市 ypan
1978-10-21 10:58:54 上海市 上海市 wei12
1991-04-02 17:28:04 天津市 北京市 juanjin
1996-11-02 08:10:02 上海市 广州市 hougang
1997-06-26 10:49:25 江苏省 杭州市 chao62
1995-07-15 22:55:43 北京市 广州市 xiazhu
1978-04-17 10:46:17 浙江省 广州市 fenglei
2005-03-09 04:51:16 天津市 天津市 zhangchao
1999-09-08 02:04:20 天津市 北京市 ewen
1993-02-10 03:39:10 重庆市 广州市 lhe
2008-04-14 04:27:31 浙江省 重庆市 tfu
2006-04-08 16:19:42 上海市 天津市 jingqian
1981-09-16 19:44:17 重庆市 天津市 gxiao
1996-01-22 09:51:46 重庆市 上海市 ngu
2008-10-17 23:14:10 广东省 广州市 chaowen
2009-12-09 11:59:51 江苏省 天津市 liyu
1991-10-31 15:34:16 天津市 广州市 dguo
2007-07-20 17:22:01 上海市 深圳市 weima
2008-10-31 06:53:54 天津市 深圳市 caoping
2007-08-27 09:35:49 浙江省 北京市 qiuchao
1998-02-28 21:56:56 上海市 重庆市 txue
2018-10-23 09:12:57 重庆市 上海市 weizhao
1973-09-13 07:08:50 浙江省 北京市 guiyingding
1972-03-25 08:52:38 江苏省 上海市 yan20
2020-04-24 08:24:50 广东省 天津市 jzou
2010-09-04 00:53:08 浙江省 杭州市 xiachen
1990-04-15 02:12:06 上海市 广州市 lei10
1970-05-11 22:04:13 浙江省 杭州市 weihan
2014-07-09 05:52:00 北京市 北京市 sunguiying
2007-10-26 11:29:54 江苏省 北京市 yanshen
2001-08-21 20:53:32 重庆市 广州市 fanlei
1996-06-04 12:25:39 浙江省 杭州市 wei71
1995-11-04 11:33:08 江苏省 北京市 zhengxia
2013-01-22 10:46:33 重庆市 广州市 uxue
1990-06-13 03:21:21 重庆市 北京市 xiaqin
1974-01-25 05:57:08 江苏省 重庆市 min31
2008-07-21 00:29:57 重庆市 深圳市 vwu
1975-03-20 07:55:04 江苏省 上海市 fangkang
2021-08-04 11:06:45 北京市 上海市 tao39
1989-11-18 23:08:03 上海市 广州市 juanding
1987-09-03 21:43:31 北京市 杭州市 dlin
1984-05-21 11:08:56 北京市 天津市 bxue
1976-11-21 01:45:41 上海市 上海市 yimin
2011-09-01 08:54:34 上海市 深圳市 yanliao
2006-06-14 19:07:38 重庆市 杭州市 zhaomin
2007-08-15 10:38:22 上海市 天津市 tren
1988-01-14 22:14:07 天津市 杭州市 qyang
1982-05-12 06:16:07 重庆市 重庆市 jun46
2001-08-21 04:07:10 上海市 杭州市 yan01
2019-01-20 11:16:37 重庆市 北京市 tianchao
2012-01-06 19:48:54 天津市 深圳市 leicui
1996-09-05 01:49:42 重庆市 天津市 tao25
2004-04-14 23:17:34 北京市 广州市 yxue
1998-10-14 20:24:22 重庆市 上海市 gang46
2000-08-27 04:00:07 北京市 广州市 laiyong
1993-09-17 16:28:31 重庆市 广州市 sunqiang
1999-06-17 11:26:44 上海市 上海市 duanjuan
1975-05-31 00:09:47 浙江省 重庆市 gang09
1975-10-09 09:42:24 上海市 广州市 gujie
2005-12-29 09:41:01 上海市 上海市 xiaxia
2012-05-09 04:06:43 重庆市 杭州市 mojuan
2014-12-12 22:36:59 上海市 北京市 nalei
1991-01-22 17:14:42 广东省 天津市 zdong
1980-04-13 18:18:38 北京市 北京市 yong64
1997-11-22 11:51:40 重庆市 深圳市 yonglu
1997-09-04 12:40:43 天津市 深圳市 tao31
2004-01-01 07:29:58 上海市 深圳市 taotao
2014-04-28 01:24:04 天津市 天津市 leifang
2009-10-23 11:11:37 上海市 杭州市 jun32
1997-10-26 16:39:37 浙江省 深圳市 pxue
2010-05-09 17:00:26 上海市 深圳市 yiyan
1993-12-05 19:56:31 北京市 重庆市 lizhang
1989-03-21 05:43:10 江苏省 重庆市 laili
1986-01-04 21:36:31 上海市 上海市 ming91
2014-09-18 13:53:58 北京市 重庆市 minggu
1974-05-30 23:42:40 上海市 广州市 chaoqiu
1993-07-30 03:57:41 重庆市 深圳市 xiulan89
2016-09-07 18:49:25 上海市 深圳市 juan88
2021-12-15 15:03:15 上海市 深圳市 ktian
2018-08-27 11:00:45 江苏省 杭州市 tao75
1982-01-07 12:52:10 江苏省 深圳市 gang80
1987-11-05 16:31:05 天津市 杭州市 pengjing
1975-12-06 22:27:31 广东省 重庆市 xma
2020-07-15 13:21:19 江苏省 重庆市 daiwei
1983-11-20 11:18:05 上海市 杭州市 chao07
1975-08-15 05:36:36 广东省 杭州市 liqiu
2007-12-10 04:18:01 重庆市 上海市 jingluo
1971-11-04 07:44:23 北京市 深圳市 shenqiang
1986-09-02 01:34:38 上海市 上海市 tyao
2011-08-25 07:28:23 天津市 广州市 fang57
1971-11-10 08:40:53 上海市 杭州市 li48
2012-11-08 17:08:37 广东省 深圳市 na38
1982-08-01 06:32:16 浙江省 杭州市 yongwei
2006-03-27 00:22:59 重庆市 杭州市 zhuming
2020-06-11 17:20:03 江苏省 杭州市 nshen
1995-04-14 05:14:55 北京市 北京市 fang43
1983-10-01 00:01:05 江苏省 广州市 bshao
2000-01-27 17:17:05 浙江省 天津市 guiying16
2022-11-28 19:40:08 上海市 深圳市 nzheng
1996-02-19 12:04:09 北京市 天津市 fangzhu
1970-06-12 08:57:47 广东省 天津市 longjing
1994-02-09 11:39:32 上海市 广州市 mingwan
2003-05-28 10:38:47 广东省 广州市 fang64
2002-06-05 11:29:24 北京市 深圳市 juan45
1976-08-12 10:51:44 重庆市 上海市 fangzheng
2015-01-08 11:13:41 重庆市 上海市 szhu
1971-08-28 09:07:10 天津市 上海市 fang05
2003-11-05 03:13:00 天津市 杭州市 liwang
2006-06-05 13:01:09 浙江省 上海市 min43
2019-02-28 14:39:45 浙江省 深圳市 pyi
1995-12-31 09:15:25 江苏省 广州市 mingyao
2016-02-27 23:49:16 浙江省 杭州市 na48
2014-04-19 16:38:13 北京市 杭州市 liuli
